Arguments: 
  C:\Program Files\nodejs\node.exe C:\Program Files (x86)\Yarn\bin\yarn.js add koa

PATH: 
  C:\Program Files (x86)\Common Files\Oracle\Java\javapath;c:\app\ronna\product\11.2.0\client_1\bin;C:\ProgramData\Oracle\Java\javapath;C:\Program Files (x86)\Intel\iCLS Client\;C:\Program Files\Intel\iCLS Client\;C:\Windows\system32;C:\Windows;C:\Windows\System32\Wbem;C:\Windows\System32\WindowsPowerShell\v1.0\;C:\Program Files (x86)\NVIDIA Corporation\PhysX\Common;C:\Program Files (x86)\Intel\Intel(R) Management Engine Components\DAL;C:\Program Files\Intel\Intel(R) Management Engine Components\DAL;C:\Program Files (x86)\Intel\Intel(R) Management Engine Components\IPT;C:\Program Files\Intel\Intel(R) Management Engine Components\IPT;C:\WINDOWS\system32\config\systemprofile\.dnx\bin;C:\Program Files\Microsoft DNX\Dnvm\;C:\Program Files\Microsoft SQL Server\130\Tools\Binn\;C:\WINDOWS\system32;C:\WINDOWS;C:\WINDOWS\System32\Wbem;C:\WINDOWS\System32\WindowsPowerShell\v1.0\;C:\Program Files\nodejs\;C:\Program Files\Git\cmd;C:\WINDOWS\System32\OpenSSH\;C:\Program Files (x86)\Yarn\bin\;C:\Program Files\Microsoft VS Code\bin;C:\Program Files\PuTTY\;C:\Users\ronna\AppData\Local\Programs\Python\Python36-32\Scripts\;C:\Users\ronna\AppData\Local\Programs\Python\Python36-32\;C:\Users\ronna\AppData\Local\Microsoft\WindowsApps;;C:\Program Files\Microsoft VS Code\bin;C:\Users\ronna\AppData\Roaming\npm;C:\Users\ronna\AppData\Local\Yarn\bin;C:\Program Files\heroku\bin

Yarn version: 
  1.6.0

Node version: 
  8.10.0

Platform: 
  win32 x64

Trace: 
  Error: Hostname/IP doesn't match certificate's altnames: "Host: registry.yarnpkg.com. is not in the cert's altnames: DNS:*.trueinternet.co.th, DNS:trueinternet.co.th"
      at Object.checkServerIdentity (tls.js:223:17)
      at TLSSocket.<anonymous> (_tls_wrap.js:1111:29)
      at emitNone (events.js:106:13)
      at TLSSocket.emit (events.js:208:7)
      at TLSSocket._finishInit (_tls_wrap.js:639:8)
      at TLSWrap.ssl.onhandshakedone (_tls_wrap.js:469:38)

npm manifest: 
  {
    "name": "test",
    "version": "1.0.0",
    "main": "index.js",
    "license": "MIT"
  }

yarn manifest: 
  No manifest

Lockfile: 
  No lockfile
